2018-03-12 20:30:21 INFO  ClassPathXmlApplicationContext:583 - Refreshing org.springframework.context.support.ClassPathXmlApplicationContext@759ebb3d: startup date [Mon Mar 12 20:30:21 CET 2018]; root of context hierarchy
2018-03-12 20:30:21 INFO  XmlBeanDefinitionReader:317 - Loading XML bean definitions from class path resource [spring-config.xml]
2018-03-12 20:31:39 INFO  ClassPathXmlApplicationContext:583 - Refreshing org.springframework.context.support.ClassPathXmlApplicationContext@759ebb3d: startup date [Mon Mar 12 20:31:39 CET 2018]; root of context hierarchy
2018-03-12 20:31:39 INFO  XmlBeanDefinitionReader:317 - Loading XML bean definitions from class path resource [spring-config.xml]
2018-03-12 20:31:40 INFO  ClassPathXmlApplicationContext:984 - Closing org.springframework.context.support.ClassPathXmlApplicationContext@759ebb3d: startup date [Mon Mar 12 20:31:39 CET 2018]; root of context hierarchy
2018-03-12 20:39:59 INFO  ClassPathXmlApplicationContext:583 - Refreshing org.springframework.context.support.ClassPathXmlApplicationContext@759ebb3d: startup date [Mon Mar 12 20:39:59 CET 2018]; root of context hierarchy
2018-03-12 20:40:00 INFO  XmlBeanDefinitionReader:317 - Loading XML bean definitions from class path resource [spring-config.xml]
2018-03-12 20:40:00 INFO  ClassPathXmlApplicationContext:984 - Closing org.springframework.context.support.ClassPathXmlApplicationContext@759ebb3d: startup date [Mon Mar 12 20:39:59 CET 2018]; root of context hierarchy
2018-03-12 23:19:29 INFO  ClassPathXmlApplicationContext:583 - Refreshing org.springframework.context.support.ClassPathXmlApplicationContext@45fe3ee3: startup date [Mon Mar 12 23:19:29 CET 2018]; root of context hierarchy
2018-03-12 23:19:29 INFO  XmlBeanDefinitionReader:317 - Loading XML bean definitions from class path resource [spring-config.xml]
2018-03-12 23:19:30 INFO  ClassPathXmlApplicationContext:984 - Closing org.springframework.context.support.ClassPathXmlApplicationContext@45fe3ee3: startup date [Mon Mar 12 23:19:29 CET 2018]; root of context hierarchy
2018-03-14 20:39:27 INFO  AnnotationConfigApplicationContext:583 - Refreshing org.springframework.context.annotation.AnnotationConfigApplicationContext@61e717c2: startup date [Wed Mar 14 20:39:27 CET 2018]; root of context hierarchy
2018-03-14 20:40:17 INFO  AnnotationConfigApplicationContext:583 - Refreshing org.springframework.context.annotation.AnnotationConfigApplicationContext@61e717c2: startup date [Wed Mar 14 20:40:17 CET 2018]; root of context hierarchy
2018-03-14 20:41:21 INFO  AnnotationConfigApplicationContext:583 - Refreshing org.springframework.context.annotation.AnnotationConfigApplicationContext@61e717c2: startup date [Wed Mar 14 20:41:21 CET 2018]; root of context hierarchy
2018-03-14 20:41:21 INFO  AnnotationConfigApplicationContext:984 - Closing org.springframework.context.annotation.AnnotationConfigApplicationContext@61e717c2: startup date [Wed Mar 14 20:41:21 CET 2018]; root of context hierarchy
2018-03-14 21:00:31 INFO  DefaultTestContextBootstrapper:248 - Loaded default TestExecutionListener class names from location [META-INF/spring.factories]: [org.springframework.test.context.web.ServletTestExecutionListener, org.springframework.test.context.support.DirtiesContextBeforeModesTestExecutionListener, org.springframework.test.context.support.DependencyInjectionTestExecutionListener, org.springframework.test.context.support.DirtiesContextTestExecutionListener, org.springframework.test.context.transaction.TransactionalTestExecutionListener, org.springframework.test.context.jdbc.SqlScriptsTestExecutionListener]
2018-03-14 21:00:31 INFO  DefaultTestContextBootstrapper:174 - Using TestExecutionListeners: [org.springframework.test.context.support.DirtiesContextBeforeModesTestExecutionListener@61a485d2, org.springframework.test.context.support.DependencyInjectionTestExecutionListener@39fb3ab6, org.springframework.test.context.support.DirtiesContextTestExecutionListener@6276ae34]
2018-03-14 21:00:31 INFO  GenericApplicationContext:583 - Refreshing org.springframework.context.support.GenericApplicationContext@3ffc5af1: startup date [Wed Mar 14 21:00:31 CET 2018]; root of context hierarchy
2018-03-14 21:00:31 INFO  GenericApplicationContext:984 - Closing org.springframework.context.support.GenericApplicationContext@3ffc5af1: startup date [Wed Mar 14 21:00:31 CET 2018]; root of context hierarchy
2018-03-18 21:14:14 INFO  ClassPathXmlApplicationContext:583 - Refreshing org.springframework.context.support.ClassPathXmlApplicationContext@45fe3ee3: startup date [Sun Mar 18 21:14:14 CET 2018]; root of context hierarchy
2018-03-18 21:14:14 INFO  XmlBeanDefinitionReader:317 - Loading XML bean definitions from class path resource [spring-config.xml]
2018-03-18 21:14:15 INFO  ClassPathXmlApplicationContext:984 - Closing org.springframework.context.support.ClassPathXmlApplicationContext@45fe3ee3: startup date [Sun Mar 18 21:14:14 CET 2018]; root of context hierarchy
2018-03-19 20:15:08 INFO  AnnotationConfigApplicationContext:583 - Refreshing org.springframework.context.annotation.AnnotationConfigApplicationContext@61e717c2: startup date [Mon Mar 19 20:15:08 CET 2018]; root of context hierarchy
2018-03-19 20:15:25 INFO  AnnotationConfigApplicationContext:583 - Refreshing org.springframework.context.annotation.AnnotationConfigApplicationContext@61e717c2: startup date [Mon Mar 19 20:15:25 CET 2018]; root of context hierarchy
2018-03-19 20:15:25 INFO  AnnotationConfigApplicationContext:984 - Closing org.springframework.context.annotation.AnnotationConfigApplicationContext@61e717c2: startup date [Mon Mar 19 20:15:25 CET 2018]; root of context hierarchy
2018-03-19 20:16:25 INFO  AnnotationConfigApplicationContext:583 - Refreshing org.springframework.context.annotation.AnnotationConfigApplicationContext@61e717c2: startup date [Mon Mar 19 20:16:25 CET 2018]; root of context hierarchy
2018-03-19 20:16:25 INFO  AnnotationConfigApplicationContext:984 - Closing org.springframework.context.annotation.AnnotationConfigApplicationContext@61e717c2: startup date [Mon Mar 19 20:16:25 CET 2018]; root of context hierarchy
2018-03-19 20:25:49 INFO  AnnotationConfigApplicationContext:583 - Refreshing org.springframework.context.annotation.AnnotationConfigApplicationContext@61e717c2: startup date [Mon Mar 19 20:25:49 CET 2018]; root of context hierarchy
2018-03-19 20:25:49 INFO  AnnotationConfigApplicationContext:984 - Closing org.springframework.context.annotation.AnnotationConfigApplicationContext@61e717c2: startup date [Mon Mar 19 20:25:49 CET 2018]; root of context hierarchy
2018-03-19 20:59:51 INFO  ClassPathXmlApplicationContext:583 - Refreshing org.springframework.context.support.ClassPathXmlApplicationContext@45fe3ee3: startup date [Mon Mar 19 20:59:51 CET 2018]; root of context hierarchy
2018-03-19 20:59:51 INFO  XmlBeanDefinitionReader:317 - Loading XML bean definitions from class path resource [spring-config.xml]
2018-03-19 20:59:51 WARN  ClassPathXmlApplicationContext:551 - Exception encountered during context initialization - cancelling refresh attempt: org.springframework.beans.factory.BeanCreationException: Error creating bean with name 'student' defined in class path resource [spring-config.xml]: Instantiation of bean failed; nested exception is org.springframework.beans.BeanInstantiationException: Failed to instantiate [com.privalia.entity.Student]: No default constructor found; nested exception is java.lang.NoSuchMethodException: com.privalia.entity.Student.<init>()
2018-03-19 21:00:28 INFO  ClassPathXmlApplicationContext:583 - Refreshing org.springframework.context.support.ClassPathXmlApplicationContext@45fe3ee3: startup date [Mon Mar 19 21:00:28 CET 2018]; root of context hierarchy
2018-03-19 21:00:28 INFO  XmlBeanDefinitionReader:317 - Loading XML bean definitions from class path resource [spring-config.xml]
2018-03-19 21:00:28 WARN  ClassPathXmlApplicationContext:551 - Exception encountered during context initialization - cancelling refresh attempt: org.springframework.beans.factory.BeanCreationException: Error creating bean with name 'student' defined in class path resource [spring-config.xml]: Error setting property values; nested exception is org.springframework.beans.NotWritablePropertyException: Invalid property 'address' of bean class [com.privalia.entity.Student]: Bean property 'address' is not writable or has an invalid setter method. Did you mean 'addresss'?
2018-03-19 21:01:28 INFO  ClassPathXmlApplicationContext:583 - Refreshing org.springframework.context.support.ClassPathXmlApplicationContext@45fe3ee3: startup date [Mon Mar 19 21:01:28 CET 2018]; root of context hierarchy
2018-03-19 21:01:28 INFO  XmlBeanDefinitionReader:317 - Loading XML bean definitions from class path resource [spring-config.xml]
2018-03-19 21:01:28 INFO  ClassPathXmlApplicationContext:984 - Closing org.springframework.context.support.ClassPathXmlApplicationContext@45fe3ee3: startup date [Mon Mar 19 21:01:28 CET 2018]; root of context hierarchy
